0 info it worked if it ends with ok
1 verbose cli [ '/usr/bin/nodejs', '/usr/bin/npm', 'run', 'backend' ]
2 info using npm@3.10.3
3 info using node@v6.3.0
4 verbose run-script [ 'prebackend', 'backend', 'postbackend' ]
5 info lifecycle bob@1.0.0~prebackend: bob@1.0.0
6 silly lifecycle bob@1.0.0~prebackend: no script for prebackend, continuing
7 info lifecycle bob@1.0.0~backend: bob@1.0.0
8 verbose lifecycle bob@1.0.0~backend: unsafe-perm in lifecycle true
9 verbose lifecycle bob@1.0.0~backend: PATH: /usr/lib/node_modules/npm/bin/node-gyp-bin:/home/bob/mmchart/node_modules/.bin:/usr/bin:/home/bob/bin:/home/bob/.local/bin:/usr/local/sbin:/usr/local/bin:/usr/sbin:/usr/bin:/sbin:/bin:/usr/games:/usr/local/games:/snap/bin
10 verbose lifecycle bob@1.0.0~backend: CWD: /home/bob/mmchart
11 silly lifecycle bob@1.0.0~backend: Args: [ '-c', 'node src/server/app.j' ]
12 silly lifecycle bob@1.0.0~backend: Returned: code: 1  signal: null
13 info lifecycle bob@1.0.0~backend: Failed to exec backend script
14 verbose stack Error: bob@1.0.0 backend: `node src/server/app.j`
14 verbose stack Exit status 1
14 verbose stack     at EventEmitter.<anonymous> (/usr/lib/node_modules/npm/lib/utils/lifecycle.js:242:16)
14 verbose stack     at emitTwo (events.js:106:13)
14 verbose stack     at EventEmitter.emit (events.js:191:7)
14 verbose stack     at ChildProcess.<anonymous> (/usr/lib/node_modules/npm/lib/utils/spawn.js:40:14)
14 verbose stack     at emitTwo (events.js:106:13)
14 verbose stack     at ChildProcess.emit (events.js:191:7)
14 verbose stack     at maybeClose (internal/child_process.js:852:16)
14 verbose stack     at Process.ChildProcess._handle.onexit (internal/child_process.js:215:5)
15 verbose pkgid bob@1.0.0
16 verbose cwd /home/bob/mmchart
17 error Linux 4.4.0-28-generic
18 error argv "/usr/bin/nodejs" "/usr/bin/npm" "run" "backend"
19 error node v6.3.0
20 error npm  v3.10.3
21 error code ELIFECYCLE
22 error bob@1.0.0 backend: `node src/server/app.j`
22 error Exit status 1
23 error Failed at the bob@1.0.0 backend script 'node src/server/app.j'.
23 error Make sure you have the latest version of node.js and npm installed.
23 error If you do, this is most likely a problem with the bob package,
23 error not with npm itself.
23 error Tell the author that this fails on your system:
23 error     node src/server/app.j
23 error You can get information on how to open an issue for this project with:
23 error     npm bugs bob
23 error Or if that isn't available, you can get their info via:
23 error     npm owner ls bob
23 error There is likely additional logging output above.
24 verbose exit [ 1, true ]
